<?xml version="1.0" encoding="UTF-8"?>
<!-- Generated by org.testng.reporters.JUnitReportReporter -->
<testsuite hostname="BDC7-L-13374G2" failures="0" tests="1" name="test.Tests_GET" time="5.503" errors="0" timestamp="2024-10-23T09:02:16 IST" skipped="0">
  <testcase classname="test.Tests_GET" name="test_01" time="5.503"/>
  <system-out/>
</testsuite> <!-- test.Tests_GET -->
