<?xml version="1.0" encoding="UTF-8"?>
<!-- Generated by org.testng.reporters.JUnitReportReporter -->
<testsuite hostname="BDC7-L-13374G2" failures="0" tests="1" name="test.Test_PUTPOSTDELETE" time="2.034" errors="0" timestamp="2024-10-28T20:29:40 IST" skipped="0">
  <testcase classname="test.Test_PUTPOSTDELETE" name="testDelete" time="2.034"/>
  <system-out/>
</testsuite> <!-- test.Test_PUTPOSTDELETE -->
