<?xml version="1.0" encoding="UTF-8"?>
<!-- Generated by org.testng.reporters.JUnitReportReporter -->
<testsuite hostname="BDC7-L-13374G2" failures="0" tests="1" name="test.TestOnLocalAPI" time="3.443" errors="0" timestamp="2024-11-13T21:31:32 IST" skipped="0">
  <testcase classname="test.TestOnLocalAPI" name="get" time="3.443"/>
  <system-out/>
</testsuite> <!-- test.TestOnLocalAPI -->
