<?xml version="1.0" encoding="UTF-8"?>
<!-- Generated by org.testng.reporters.JUnitReportReporter -->
<testsuite hostname="BDC7-L-13374G2" failures="0" tests="1" name="test.Test_POST" time="4.641" errors="0" timestamp="2024-10-26T23:54:08 IST" skipped="0">
  <testcase classname="test.Test_POST" name="testPost" time="4.641"/>
  <system-out/>
</testsuite> <!-- test.Test_POST -->
