<?xml version="1.0" encoding="UTF-8"?>
<!-- Generated by org.testng.reporters.JUnitReportReporter -->
<testsuite hostname="BDC7-L-13374G2" failures="0" tests="1" name="test.Test_GET" time="5.996" errors="0" timestamp="2024-11-13T21:25:11 IST" skipped="0">
  <testcase classname="test.Test_GET" name="test_01" time="5.996"/>
  <system-out/>
</testsuite> <!-- test.Test_GET -->
